The system is: Linux - 3.10.0-957.27.2.el7.x86_64 - x86_64
Compiling the C compiler identification source file "CMakeCCompilerId.c" succeeded.
Compiler: /usr/bin/cc 
Build flags: 
Id flags: 

The output was:
0


Compilation of the C compiler identification source "CMakeCCompilerId.c" produced "a.out"

The C compiler identification is GNU, found in "/data1/Mohd_All/LearnableCoding/FFMPEGLC/x265/build/linux/CMakeFiles/3.5.1/CompilerIdC/a.out"

Compiling the CXX compiler identification source file "CMakeCXXCompilerId.cpp" succeeded.
Compiler: /usr/bin/c++ 
Build flags: 
Id flags: 

The output was:
0


Compilation of the CXX compiler identification source "CMakeCXXCompilerId.cpp" produced "a.out"

The CXX compiler identification is GNU, found in "/data1/Mohd_All/LearnableCoding/FFMPEGLC/x265/build/linux/CMakeFiles/3.5.1/CompilerIdCXX/a.out"

Determining if the C compiler works passed with the following output:
Change Dir: /data1/Mohd_All/LearnableCoding/FFMPEGLC/x265/build/linux/CMakeFiles/CMakeTmp

Run Build Command:"/usr/bin/make" "cmTC_38ae6/fast"
/usr/bin/make -f CMakeFiles/cmTC_38ae6.dir/build.make CMakeFiles/cmTC_38ae6.dir/build
make[1]: Entering directory '/data1/Mohd_All/LearnableCoding/FFMPEGLC/x265/build/linux/CMakeFiles/CMakeTmp'
Building C object CMakeFiles/cmTC_38ae6.dir/testCCompiler.c.o
/usr/bin/cc     -o CMakeFiles/cmTC_38ae6.dir/testCCompiler.c.o   -c /data1/Mohd_All/LearnableCoding/FFMPEGLC/x265/build/linux/CMakeFiles/CMakeTmp/testCCompiler.c
Linking C executable cmTC_38ae6
/usr/bin/cmake -E cmake_link_script CMakeFiles/cmTC_38ae6.dir/link.txt --verbose=1
/usr/bin/cc       CMakeFiles/cmTC_38ae6.dir/testCCompiler.c.o  -o cmTC_38ae6 -rdynamic 
make[1]: Leaving directory '/data1/Mohd_All/LearnableCoding/FFMPEGLC/x265/build/linux/CMakeFiles/CMakeTmp'


Detecting C compiler ABI info compiled with the following output:
Change Dir: /data1/Mohd_All/LearnableCoding/FFMPEGLC/x265/build/linux/CMakeFiles/CMakeTmp

Run Build Command:"/usr/bin/make" "cmTC_69da9/fast"
/usr/bin/make -f CMakeFiles/cmTC_69da9.dir/build.make CMakeFiles/cmTC_69da9.dir/build
make[1]: Entering directory '/data1/Mohd_All/LearnableCoding/FFMPEGLC/x265/build/linux/CMakeFiles/CMakeTmp'
Building C object CMakeFiles/cmTC_69da9.dir/CMakeCCompilerABI.c.o
/usr/bin/cc     -o CMakeFiles/cmTC_69da9.dir/CMakeCCompilerABI.c.o   -c /usr/share/cmake-3.5/Modules/CMakeCCompilerABI.c
Linking C executable cmTC_69da9
/usr/bin/cmake -E cmake_link_script CMakeFiles/cmTC_69da9.dir/link.txt --verbose=1
/usr/bin/cc      -v CMakeFiles/cmTC_69da9.dir/CMakeCCompilerABI.c.o  -o cmTC_69da9 -rdynamic  
Using built-in specs.
COLLECT_GCC=/usr/bin/cc
COLLECT_LTO_WRAPPER=/usr/lib/gcc/x86_64-linux-gnu/5/lto-wrapper
Target: x86_64-linux-gnu
Configured with: ../src/configure -v --with-pkgversion='Ubuntu 5.4.0-6ubuntu1~16.04.11' --with-bugurl=file:///usr/share/doc/gcc-5/README.Bugs --enable-languages=c,ada,c++,java,go,d,fortran,objc,obj-c++ --prefix=/usr --program-suffix=-5 --enable-shared --enable-linker-build-id --libexecdir=/usr/lib --without-included-gettext --enable-threads=posix --libdir=/usr/lib --enable-nls --with-sysroot=/ --enable-clocale=gnu --enable-libstdcxx-debug --enable-libstdcxx-time=yes --with-default-libstdcxx-abi=new --enable-gnu-unique-object --disable-vtable-verify --enable-libmpx --enable-plugin --with-system-zlib --disable-browser-plugin --enable-java-awt=gtk --enable-gtk-cairo --with-java-home=/usr/lib/jvm/java-1.5.0-gcj-5-amd64/jre --enable-java-home --with-jvm-root-dir=/usr/lib/jvm/java-1.5.0-gcj-5-amd64 --with-jvm-jar-dir=/usr/lib/jvm-exports/java-1.5.0-gcj-5-amd64 --with-arch-directory=amd64 --with-ecj-jar=/usr/share/java/eclipse-ecj.jar --enable-objc-gc --enable-multiarch --disable-werror --with-arch-32=i686 --with-abi=m64 --with-multilib-list=m32,m64,mx32 --enable-multilib --with-tune=generic --enable-checking=release --build=x86_64-linux-gnu --host=x86_64-linux-gnu --target=x86_64-linux-gnu
Thread model: posix
gcc version 5.4.0 20160609 (Ubuntu 5.4.0-6ubuntu1~16.04.11) 
COMPILER_PATH=/usr/lib/gcc/x86_64-linux-gnu/5/:/usr/lib/gcc/x86_64-linux-gnu/5/:/usr/lib/gcc/x86_64-linux-gnu/:/usr/lib/gcc/x86_64-linux-gnu/5/:/usr/lib/gcc/x86_64-linux-gnu/
LIBRARY_PATH=/usr/lib/gcc/x86_64-linux-gnu/5/:/usr/lib/gcc/x86_64-linux-gnu/5/../../../x86_64-linux-gnu/:/usr/lib/gcc/x86_64-linux-gnu/5/../../../../lib/:/lib/x86_64-linux-gnu/:/lib/../lib/:/usr/lib/x86_64-linux-gnu/:/usr/lib/../lib/:/usr/lib/gcc/x86_64-linux-gnu/5/../../../:/lib/:/usr/lib/
COLLECT_GCC_OPTIONS='-v' '-o' 'cmTC_69da9' '-rdynamic' '-mtune=generic' '-march=x86-64'
 /usr/lib/gcc/x86_64-linux-gnu/5/collect2 -plugin /usr/lib/gcc/x86_64-linux-gnu/5/liblto_plugin.so -plugin-opt=/usr/lib/gcc/x86_64-linux-gnu/5/lto-wrapper -plugin-opt=-fresolution=/tmp/cciM5pEv.res -plugin-opt=-pass-through=-lgcc -plugin-opt=-pass-through=-lgcc_s -plugin-opt=-pass-through=-lc -plugin-opt=-pass-through=-lgcc -plugin-opt=-pass-through=-lgcc_s --sysroot=/ --build-id --eh-frame-hdr -m elf_x86_64 --hash-style=gnu --as-needed -export-dynamic -dynamic-linker /lib64/ld-linux-x86-64.so.2 -z relro -o cmTC_69da9 /usr/lib/gcc/x86_64-linux-gnu/5/../../../x86_64-linux-gnu/crt1.o /usr/lib/gcc/x86_64-linux-gnu/5/../../../x86_64-linux-gnu/crti.o /usr/lib/gcc/x86_64-linux-gnu/5/crtbegin.o -L/usr/lib/gcc/x86_64-linux-gnu/5 -L/usr/lib/gcc/x86_64-linux-gnu/5/../../../x86_64-linux-gnu -L/usr/lib/gcc/x86_64-linux-gnu/5/../../../../lib -L/lib/x86_64-linux-gnu -L/lib/../lib -L/usr/lib/x86_64-linux-gnu -L/usr/lib/../lib -L/usr/lib/gcc/x86_64-linux-gnu/5/../../.. CMakeFiles/cmTC_69da9.dir/CMakeCCompilerABI.c.o -lgcc --as-needed -lgcc_s --no-as-needed -lc -lgcc --as-needed -lgcc_s --no-as-needed /usr/lib/gcc/x86_64-linux-gnu/5/crtend.o /usr/lib/gcc/x86_64-linux-gnu/5/../../../x86_64-linux-gnu/crtn.o
make[1]: Leaving directory '/data1/Mohd_All/LearnableCoding/FFMPEGLC/x265/build/linux/CMakeFiles/CMakeTmp'


Parsed C implicit link information from above output:
  link line regex: [^( *|.*[/\])(ld|([^/\]+-)?ld|collect2)[^/\]*( |$)]
  ignore line: [Change Dir: /data1/Mohd_All/LearnableCoding/FFMPEGLC/x265/build/linux/CMakeFiles/CMakeTmp]
  ignore line: []
  ignore line: [Run Build Command:"/usr/bin/make" "cmTC_69da9/fast"]
  ignore line: [/usr/bin/make -f CMakeFiles/cmTC_69da9.dir/build.make CMakeFiles/cmTC_69da9.dir/build]
  ignore line: [make[1]: Entering directory '/data1/Mohd_All/LearnableCoding/FFMPEGLC/x265/build/linux/CMakeFiles/CMakeTmp']
  ignore line: [Building C object CMakeFiles/cmTC_69da9.dir/CMakeCCompilerABI.c.o]
  ignore line: [/usr/bin/cc     -o CMakeFiles/cmTC_69da9.dir/CMakeCCompilerABI.c.o   -c /usr/share/cmake-3.5/Modules/CMakeCCompilerABI.c]
  ignore line: [Linking C executable cmTC_69da9]
  ignore line: [/usr/bin/cmake -E cmake_link_script CMakeFiles/cmTC_69da9.dir/link.txt --verbose=1]
  ignore line: [/usr/bin/cc      -v CMakeFiles/cmTC_69da9.dir/CMakeCCompilerABI.c.o  -o cmTC_69da9 -rdynamic  ]
  ignore line: [Using built-in specs.]
  ignore line: [COLLECT_GCC=/usr/bin/cc]
  ignore line: [COLLECT_LTO_WRAPPER=/usr/lib/gcc/x86_64-linux-gnu/5/lto-wrapper]
  ignore line: [Target: x86_64-linux-gnu]
  ignore line: [Configured with: ../src/configure -v --with-pkgversion='Ubuntu 5.4.0-6ubuntu1~16.04.11' --with-bugurl=file:///usr/share/doc/gcc-5/README.Bugs --enable-languages=c,ada,c++,java,go,d,fortran,objc,obj-c++ --prefix=/usr --program-suffix=-5 --enable-shared --enable-linker-build-id --libexecdir=/usr/lib --without-included-gettext --enable-threads=posix --libdir=/usr/lib --enable-nls --with-sysroot=/ --enable-clocale=gnu --enable-libstdcxx-debug --enable-libstdcxx-time=yes --with-default-libstdcxx-abi=new --enable-gnu-unique-object --disable-vtable-verify --enable-libmpx --enable-plugin --with-system-zlib --disable-browser-plugin --enable-java-awt=gtk --enable-gtk-cairo --with-java-home=/usr/lib/jvm/java-1.5.0-gcj-5-amd64/jre --enable-java-home --with-jvm-root-dir=/usr/lib/jvm/java-1.5.0-gcj-5-amd64 --with-jvm-jar-dir=/usr/lib/jvm-exports/java-1.5.0-gcj-5-amd64 --with-arch-directory=amd64 --with-ecj-jar=/usr/share/java/eclipse-ecj.jar --enable-objc-gc --enable-multiarch --disable-werror --with-arch-32=i686 --with-abi=m64 --with-multilib-list=m32,m64,mx32 --enable-multilib --with-tune=generic --enable-checking=release --build=x86_64-linux-gnu --host=x86_64-linux-gnu --target=x86_64-linux-gnu]
  ignore line: [Thread model: posix]
  ignore line: [gcc version 5.4.0 20160609 (Ubuntu 5.4.0-6ubuntu1~16.04.11) ]
  ignore line: [COMPILER_PATH=/usr/lib/gcc/x86_64-linux-gnu/5/:/usr/lib/gcc/x86_64-linux-gnu/5/:/usr/lib/gcc/x86_64-linux-gnu/:/usr/lib/gcc/x86_64-linux-gnu/5/:/usr/lib/gcc/x86_64-linux-gnu/]
  ignore line: [LIBRARY_PATH=/usr/lib/gcc/x86_64-linux-gnu/5/:/usr/lib/gcc/x86_64-linux-gnu/5/../../../x86_64-linux-gnu/:/usr/lib/gcc/x86_64-linux-gnu/5/../../../../lib/:/lib/x86_64-linux-gnu/:/lib/../lib/:/usr/lib/x86_64-linux-gnu/:/usr/lib/../lib/:/usr/lib/gcc/x86_64-linux-gnu/5/../../../:/lib/:/usr/lib/]
  ignore line: [COLLECT_GCC_OPTIONS='-v' '-o' 'cmTC_69da9' '-rdynamic' '-mtune=generic' '-march=x86-64']
  link line: [ /usr/lib/gcc/x86_64-linux-gnu/5/collect2 -plugin /usr/lib/gcc/x86_64-linux-gnu/5/liblto_plugin.so -plugin-opt=/usr/lib/gcc/x86_64-linux-gnu/5/lto-wrapper -plugin-opt=-fresolution=/tmp/cciM5pEv.res -plugin-opt=-pass-through=-lgcc -plugin-opt=-pass-through=-lgcc_s -plugin-opt=-pass-through=-lc -plugin-opt=-pass-through=-lgcc -plugin-opt=-pass-through=-lgcc_s --sysroot=/ --build-id --eh-frame-hdr -m elf_x86_64 --hash-style=gnu --as-needed -export-dynamic -dynamic-linker /lib64/ld-linux-x86-64.so.2 -z relro -o cmTC_69da9 /usr/lib/gcc/x86_64-linux-gnu/5/../../../x86_64-linux-gnu/crt1.o /usr/lib/gcc/x86_64-linux-gnu/5/../../../x86_64-linux-gnu/crti.o /usr/lib/gcc/x86_64-linux-gnu/5/crtbegin.o -L/usr/lib/gcc/x86_64-linux-gnu/5 -L/usr/lib/gcc/x86_64-linux-gnu/5/../../../x86_64-linux-gnu -L/usr/lib/gcc/x86_64-linux-gnu/5/../../../../lib -L/lib/x86_64-linux-gnu -L/lib/../lib -L/usr/lib/x86_64-linux-gnu -L/usr/lib/../lib -L/usr/lib/gcc/x86_64-linux-gnu/5/../../.. CMakeFiles/cmTC_69da9.dir/CMakeCCompilerABI.c.o -lgcc --as-needed -lgcc_s --no-as-needed -lc -lgcc --as-needed -lgcc_s --no-as-needed /usr/lib/gcc/x86_64-linux-gnu/5/crtend.o /usr/lib/gcc/x86_64-linux-gnu/5/../../../x86_64-linux-gnu/crtn.o]
    arg [/usr/lib/gcc/x86_64-linux-gnu/5/collect2] ==> ignore
    arg [-plugin] ==> ignore
    arg [/usr/lib/gcc/x86_64-linux-gnu/5/liblto_plugin.so] ==> ignore
    arg [-plugin-opt=/usr/lib/gcc/x86_64-linux-gnu/5/lto-wrapper] ==> ignore
    arg [-plugin-opt=-fresolution=/tmp/cciM5pEv.res] ==> ignore
    arg [-plugin-opt=-pass-through=-lgcc] ==> ignore
    arg [-plugin-opt=-pass-through=-lgcc_s] ==> ignore
    arg [-plugin-opt=-pass-through=-lc] ==> ignore
    arg [-plugin-opt=-pass-through=-lgcc] ==> ignore
    arg [-plugin-opt=-pass-through=-lgcc_s] ==> ignore
    arg [--sysroot=/] ==> ignore
    arg [--build-id] ==> ignore
    arg [--eh-frame-hdr] ==> ignore
    arg [-m] ==> ignore
    arg [elf_x86_64] ==> ignore
    arg [--hash-style=gnu] ==> ignore
    arg [--as-needed] ==> ignore
    arg [-export-dynamic] ==> ignore
    arg [-dynamic-linker] ==> ignore
    arg [/lib64/ld-linux-x86-64.so.2] ==> ignore
    arg [-zrelro] ==> ignore
    arg [-o] ==> ignore
    arg [cmTC_69da9] ==> ignore
    arg [/usr/lib/gcc/x86_64-linux-gnu/5/../../../x86_64-linux-gnu/crt1.o] ==> ignore
    arg [/usr/lib/gcc/x86_64-linux-gnu/5/../../../x86_64-linux-gnu/crti.o] ==> ignore
    arg [/usr/lib/gcc/x86_64-linux-gnu/5/crtbegin.o] ==> ignore
    arg [-L/usr/lib/gcc/x86_64-linux-gnu/5] ==> dir [/usr/lib/gcc/x86_64-linux-gnu/5]
    arg [-L/usr/lib/gcc/x86_64-linux-gnu/5/../../../x86_64-linux-gnu] ==> dir [/usr/lib/gcc/x86_64-linux-gnu/5/../../../x86_64-linux-gnu]
    arg [-L/usr/lib/gcc/x86_64-linux-gnu/5/../../../../lib] ==> dir [/usr/lib/gcc/x86_64-linux-gnu/5/../../../../lib]
    arg [-L/lib/x86_64-linux-gnu] ==> dir [/lib/x86_64-linux-gnu]
    arg [-L/lib/../lib] ==> dir [/lib/../lib]
    arg [-L/usr/lib/x86_64-linux-gnu] ==> dir [/usr/lib/x86_64-linux-gnu]
    arg [-L/usr/lib/../lib] ==> dir [/usr/lib/../lib]
    arg [-L/usr/lib/gcc/x86_64-linux-gnu/5/../../..] ==> dir [/usr/lib/gcc/x86_64-linux-gnu/5/../../..]
    arg [CMakeFiles/cmTC_69da9.dir/CMakeCCompilerABI.c.o] ==> ignore
    arg [-lgcc] ==> lib [gcc]
    arg [--as-needed] ==> ignore
    arg [-lgcc_s] ==> lib [gcc_s]
    arg [--no-as-needed] ==> ignore
    arg [-lc] ==> lib [c]
    arg [-lgcc] ==> lib [gcc]
    arg [--as-needed] ==> ignore
    arg [-lgcc_s] ==> lib [gcc_s]
    arg [--no-as-needed] ==> ignore
    arg [/usr/lib/gcc/x86_64-linux-gnu/5/crtend.o] ==> ignore
    arg [/usr/lib/gcc/x86_64-linux-gnu/5/../../../x86_64-linux-gnu/crtn.o] ==> ignore
  remove lib [gcc]
  remove lib [gcc_s]
  remove lib [gcc]
  remove lib [gcc_s]
  collapse library dir [/usr/lib/gcc/x86_64-linux-gnu/5] ==> [/usr/lib/gcc/x86_64-linux-gnu/5]
  collapse library dir [/usr/lib/gcc/x86_64-linux-gnu/5/../../../x86_64-linux-gnu] ==> [/usr/lib/x86_64-linux-gnu]
  collapse library dir [/usr/lib/gcc/x86_64-linux-gnu/5/../../../../lib] ==> [/usr/lib]
  collapse library dir [/lib/x86_64-linux-gnu] ==> [/lib/x86_64-linux-gnu]
  collapse library dir [/lib/../lib] ==> [/lib]
  collapse library dir [/usr/lib/x86_64-linux-gnu] ==> [/usr/lib/x86_64-linux-gnu]
  collapse library dir [/usr/lib/../lib] ==> [/usr/lib]
  collapse library dir [/usr/lib/gcc/x86_64-linux-gnu/5/../../..] ==> [/usr/lib]
  implicit libs: [c]
  implicit dirs: [/usr/lib/gcc/x86_64-linux-gnu/5;/usr/lib/x86_64-linux-gnu;/usr/lib;/lib/x86_64-linux-gnu;/lib]
  implicit fwks: []




Detecting C [-std=c11] compiler features compiled with the following output:
Change Dir: /data1/Mohd_All/LearnableCoding/FFMPEGLC/x265/build/linux/CMakeFiles/CMakeTmp

Run Build Command:"/usr/bin/make" "cmTC_a74a3/fast"
/usr/bin/make -f CMakeFiles/cmTC_a74a3.dir/build.make CMakeFiles/cmTC_a74a3.dir/build
make[1]: Entering directory '/data1/Mohd_All/LearnableCoding/FFMPEGLC/x265/build/linux/CMakeFiles/CMakeTmp'
Building C object CMakeFiles/cmTC_a74a3.dir/feature_tests.c.o
/usr/bin/cc    -std=c11 -o CMakeFiles/cmTC_a74a3.dir/feature_tests.c.o   -c /data1/Mohd_All/LearnableCoding/FFMPEGLC/x265/build/linux/CMakeFiles/feature_tests.c
Linking C executable cmTC_a74a3
/usr/bin/cmake -E cmake_link_script CMakeFiles/cmTC_a74a3.dir/link.txt --verbose=1
/usr/bin/cc       CMakeFiles/cmTC_a74a3.dir/feature_tests.c.o  -o cmTC_a74a3 -rdynamic 
make[1]: Leaving directory '/data1/Mohd_All/LearnableCoding/FFMPEGLC/x265/build/linux/CMakeFiles/CMakeTmp'


    Feature record: C_FEATURE:1c_function_prototypes
    Feature record: C_FEATURE:1c_restrict
    Feature record: C_FEATURE:1c_static_assert
    Feature record: C_FEATURE:1c_variadic_macros


Detecting C [-std=c99] compiler features compiled with the following output:
Change Dir: /data1/Mohd_All/LearnableCoding/FFMPEGLC/x265/build/linux/CMakeFiles/CMakeTmp

Run Build Command:"/usr/bin/make" "cmTC_cc948/fast"
/usr/bin/make -f CMakeFiles/cmTC_cc948.dir/build.make CMakeFiles/cmTC_cc948.dir/build
make[1]: Entering directory '/data1/Mohd_All/LearnableCoding/FFMPEGLC/x265/build/linux/CMakeFiles/CMakeTmp'
Building C object CMakeFiles/cmTC_cc948.dir/feature_tests.c.o
/usr/bin/cc    -std=c99 -o CMakeFiles/cmTC_cc948.dir/feature_tests.c.o   -c /data1/Mohd_All/LearnableCoding/FFMPEGLC/x265/build/linux/CMakeFiles/feature_tests.c
Linking C executable cmTC_cc948
/usr/bin/cmake -E cmake_link_script CMakeFiles/cmTC_cc948.dir/link.txt --verbose=1
/usr/bin/cc       CMakeFiles/cmTC_cc948.dir/feature_tests.c.o  -o cmTC_cc948 -rdynamic 
make[1]: Leaving directory '/data1/Mohd_All/LearnableCoding/FFMPEGLC/x265/build/linux/CMakeFiles/CMakeTmp'


    Feature record: C_FEATURE:1c_function_prototypes
    Feature record: C_FEATURE:1c_restrict
    Feature record: C_FEATURE:0c_static_assert
    Feature record: C_FEATURE:1c_variadic_macros


Detecting C [-std=c90] compiler features compiled with the following output:
Change Dir: /data1/Mohd_All/LearnableCoding/FFMPEGLC/x265/build/linux/CMakeFiles/CMakeTmp

Run Build Command:"/usr/bin/make" "cmTC_35cfd/fast"
/usr/bin/make -f CMakeFiles/cmTC_35cfd.dir/build.make CMakeFiles/cmTC_35cfd.dir/build
make[1]: Entering directory '/data1/Mohd_All/LearnableCoding/FFMPEGLC/x265/build/linux/CMakeFiles/CMakeTmp'
Building C object CMakeFiles/cmTC_35cfd.dir/feature_tests.c.o
/usr/bin/cc    -std=c90 -o CMakeFiles/cmTC_35cfd.dir/feature_tests.c.o   -c /data1/Mohd_All/LearnableCoding/FFMPEGLC/x265/build/linux/CMakeFiles/feature_tests.c
Linking C executable cmTC_35cfd
/usr/bin/cmake -E cmake_link_script CMakeFiles/cmTC_35cfd.dir/link.txt --verbose=1
/usr/bin/cc       CMakeFiles/cmTC_35cfd.dir/feature_tests.c.o  -o cmTC_35cfd -rdynamic 
make[1]: Leaving directory '/data1/Mohd_All/LearnableCoding/FFMPEGLC/x265/build/linux/CMakeFiles/CMakeTmp'


    Feature record: C_FEATURE:1c_function_prototypes
    Feature record: C_FEATURE:0c_restrict
    Feature record: C_FEATURE:0c_static_assert
    Feature record: C_FEATURE:0c_variadic_macros
Determining if the CXX compiler works passed with the following output:
Change Dir: /data1/Mohd_All/LearnableCoding/FFMPEGLC/x265/build/linux/CMakeFiles/CMakeTmp

Run Build Command:"/usr/bin/make" "cmTC_8428e/fast"
/usr/bin/make -f CMakeFiles/cmTC_8428e.dir/build.make CMakeFiles/cmTC_8428e.dir/build
make[1]: Entering directory '/data1/Mohd_All/LearnableCoding/FFMPEGLC/x265/build/linux/CMakeFiles/CMakeTmp'
Building CXX object CMakeFiles/cmTC_8428e.dir/testCXXCompiler.cxx.o
/usr/bin/c++      -o CMakeFiles/cmTC_8428e.dir/testCXXCompiler.cxx.o -c /data1/Mohd_All/LearnableCoding/FFMPEGLC/x265/build/linux/CMakeFiles/CMakeTmp/testCXXCompiler.cxx
Linking CXX executable cmTC_8428e
/usr/bin/cmake -E cmake_link_script CMakeFiles/cmTC_8428e.dir/link.txt --verbose=1
/usr/bin/c++        CMakeFiles/cmTC_8428e.dir/testCXXCompiler.cxx.o  -o cmTC_8428e -rdynamic 
make[1]: Leaving directory '/data1/Mohd_All/LearnableCoding/FFMPEGLC/x265/build/linux/CMakeFiles/CMakeTmp'


Detecting CXX compiler ABI info compiled with the following output:
Change Dir: /data1/Mohd_All/LearnableCoding/FFMPEGLC/x265/build/linux/CMakeFiles/CMakeTmp

Run Build Command:"/usr/bin/make" "cmTC_1ed0d/fast"
/usr/bin/make -f CMakeFiles/cmTC_1ed0d.dir/build.make CMakeFiles/cmTC_1ed0d.dir/build
make[1]: Entering directory '/data1/Mohd_All/LearnableCoding/FFMPEGLC/x265/build/linux/CMakeFiles/CMakeTmp'
Building CXX object CMakeFiles/cmTC_1ed0d.dir/CMakeCXXCompilerABI.cpp.o
/usr/bin/c++      -o CMakeFiles/cmTC_1ed0d.dir/CMakeCXXCompilerABI.cpp.o -c /usr/share/cmake-3.5/Modules/CMakeCXXCompilerABI.cpp
Linking CXX executable cmTC_1ed0d
/usr/bin/cmake -E cmake_link_script CMakeFiles/cmTC_1ed0d.dir/link.txt --verbose=1
/usr/bin/c++       -v CMakeFiles/cmTC_1ed0d.dir/CMakeCXXCompilerABI.cpp.o  -o cmTC_1ed0d -rdynamic  
Using built-in specs.
COLLECT_GCC=/usr/bin/c++
COLLECT_LTO_WRAPPER=/usr/lib/gcc/x86_64-linux-gnu/5/lto-wrapper
Target: x86_64-linux-gnu
Configured with: ../src/configure -v --with-pkgversion='Ubuntu 5.4.0-6ubuntu1~16.04.11' --with-bugurl=file:///usr/share/doc/gcc-5/README.Bugs --enable-languages=c,ada,c++,java,go,d,fortran,objc,obj-c++ --prefix=/usr --program-suffix=-5 --enable-shared --enable-linker-build-id --libexecdir=/usr/lib --without-included-gettext --enable-threads=posix --libdir=/usr/lib --enable-nls --with-sysroot=/ --enable-clocale=gnu --enable-libstdcxx-debug --enable-libstdcxx-time=yes --with-default-libstdcxx-abi=new --enable-gnu-unique-object --disable-vtable-verify --enable-libmpx --enable-plugin --with-system-zlib --disable-browser-plugin --enable-java-awt=gtk --enable-gtk-cairo --with-java-home=/usr/lib/jvm/java-1.5.0-gcj-5-amd64/jre --enable-java-home --with-jvm-root-dir=/usr/lib/jvm/java-1.5.0-gcj-5-amd64 --with-jvm-jar-dir=/usr/lib/jvm-exports/java-1.5.0-gcj-5-amd64 --with-arch-directory=amd64 --with-ecj-jar=/usr/share/java/eclipse-ecj.jar --enable-objc-gc --enable-multiarch --disable-werror --with-arch-32=i686 --with-abi=m64 --with-multilib-list=m32,m64,mx32 --enable-multilib --with-tune=generic --enable-checking=release --build=x86_64-linux-gnu --host=x86_64-linux-gnu --target=x86_64-linux-gnu
Thread model: posix
gcc version 5.4.0 20160609 (Ubuntu 5.4.0-6ubuntu1~16.04.11) 
COMPILER_PATH=/usr/lib/gcc/x86_64-linux-gnu/5/:/usr/lib/gcc/x86_64-linux-gnu/5/:/usr/lib/gcc/x86_64-linux-gnu/:/usr/lib/gcc/x86_64-linux-gnu/5/:/usr/lib/gcc/x86_64-linux-gnu/
LIBRARY_PATH=/usr/lib/gcc/x86_64-linux-gnu/5/:/usr/lib/gcc/x86_64-linux-gnu/5/../../../x86_64-linux-gnu/:/usr/lib/gcc/x86_64-linux-gnu/5/../../../../lib/:/lib/x86_64-linux-gnu/:/lib/../lib/:/usr/lib/x86_64-linux-gnu/:/usr/lib/../lib/:/usr/lib/gcc/x86_64-linux-gnu/5/../../../:/lib/:/usr/lib/
COLLECT_GCC_OPTIONS='-v' '-o' 'cmTC_1ed0d' '-rdynamic' '-shared-libgcc' '-mtune=generic' '-march=x86-64'
 /usr/lib/gcc/x86_64-linux-gnu/5/collect2 -plugin /usr/lib/gcc/x86_64-linux-gnu/5/liblto_plugin.so -plugin-opt=/usr/lib/gcc/x86_64-linux-gnu/5/lto-wrapper -plugin-opt=-fresolution=/tmp/ccJ4Ccj7.res -plugin-opt=-pass-through=-lgcc_s -plugin-opt=-pass-through=-lgcc -plugin-opt=-pass-through=-lc -plugin-opt=-pass-through=-lgcc_s -plugin-opt=-pass-through=-lgcc --sysroot=/ --build-id --eh-frame-hdr -m elf_x86_64 --hash-style=gnu --as-needed -export-dynamic -dynamic-linker /lib64/ld-linux-x86-64.so.2 -z relro -o cmTC_1ed0d /usr/lib/gcc/x86_64-linux-gnu/5/../../../x86_64-linux-gnu/crt1.o /usr/lib/gcc/x86_64-linux-gnu/5/../../../x86_64-linux-gnu/crti.o /usr/lib/gcc/x86_64-linux-gnu/5/crtbegin.o -L/usr/lib/gcc/x86_64-linux-gnu/5 -L/usr/lib/gcc/x86_64-linux-gnu/5/../../../x86_64-linux-gnu -L/usr/lib/gcc/x86_64-linux-gnu/5/../../../../lib -L/lib/x86_64-linux-gnu -L/lib/../lib -L/usr/lib/x86_64-linux-gnu -L/usr/lib/../lib -L/usr/lib/gcc/x86_64-linux-gnu/5/../../.. CMakeFiles/cmTC_1ed0d.dir/CMakeCXXCompilerABI.cpp.o -lstdc++ -lm -lgcc_s -lgcc -lc -lgcc_s -lgcc /usr/lib/gcc/x86_64-linux-gnu/5/crtend.o /usr/lib/gcc/x86_64-linux-gnu/5/../../../x86_64-linux-gnu/crtn.o
make[1]: Leaving directory '/data1/Mohd_All/LearnableCoding/FFMPEGLC/x265/build/linux/CMakeFiles/CMakeTmp'


Parsed CXX implicit link information from above output:
  link line regex: [^( *|.*[/\])(ld|([^/\]+-)?ld|collect2)[^/\]*( |$)]
  ignore line: [Change Dir: /data1/Mohd_All/LearnableCoding/FFMPEGLC/x265/build/linux/CMakeFiles/CMakeTmp]
  ignore line: []
  ignore line: [Run Build Command:"/usr/bin/make" "cmTC_1ed0d/fast"]
  ignore line: [/usr/bin/make -f CMakeFiles/cmTC_1ed0d.dir/build.make CMakeFiles/cmTC_1ed0d.dir/build]
  ignore line: [make[1]: Entering directory '/data1/Mohd_All/LearnableCoding/FFMPEGLC/x265/build/linux/CMakeFiles/CMakeTmp']
  ignore line: [Building CXX object CMakeFiles/cmTC_1ed0d.dir/CMakeCXXCompilerABI.cpp.o]
  ignore line: [/usr/bin/c++      -o CMakeFiles/cmTC_1ed0d.dir/CMakeCXXCompilerABI.cpp.o -c /usr/share/cmake-3.5/Modules/CMakeCXXCompilerABI.cpp]
  ignore line: [Linking CXX executable cmTC_1ed0d]
  ignore line: [/usr/bin/cmake -E cmake_link_script CMakeFiles/cmTC_1ed0d.dir/link.txt --verbose=1]
  ignore line: [/usr/bin/c++       -v CMakeFiles/cmTC_1ed0d.dir/CMakeCXXCompilerABI.cpp.o  -o cmTC_1ed0d -rdynamic  ]
  ignore line: [Using built-in specs.]
  ignore line: [COLLECT_GCC=/usr/bin/c++]
  ignore line: [COLLECT_LTO_WRAPPER=/usr/lib/gcc/x86_64-linux-gnu/5/lto-wrapper]
  ignore line: [Target: x86_64-linux-gnu]
  ignore line: [Configured with: ../src/configure -v --with-pkgversion='Ubuntu 5.4.0-6ubuntu1~16.04.11' --with-bugurl=file:///usr/share/doc/gcc-5/README.Bugs --enable-languages=c,ada,c++,java,go,d,fortran,objc,obj-c++ --prefix=/usr --program-suffix=-5 --enable-shared --enable-linker-build-id --libexecdir=/usr/lib --without-included-gettext --enable-threads=posix --libdir=/usr/lib --enable-nls --with-sysroot=/ --enable-clocale=gnu --enable-libstdcxx-debug --enable-libstdcxx-time=yes --with-default-libstdcxx-abi=new --enable-gnu-unique-object --disable-vtable-verify --enable-libmpx --enable-plugin --with-system-zlib --disable-browser-plugin --enable-java-awt=gtk --enable-gtk-cairo --with-java-home=/usr/lib/jvm/java-1.5.0-gcj-5-amd64/jre --enable-java-home --with-jvm-root-dir=/usr/lib/jvm/java-1.5.0-gcj-5-amd64 --with-jvm-jar-dir=/usr/lib/jvm-exports/java-1.5.0-gcj-5-amd64 --with-arch-directory=amd64 --with-ecj-jar=/usr/share/java/eclipse-ecj.jar --enable-objc-gc --enable-multiarch --disable-werror --with-arch-32=i686 --with-abi=m64 --with-multilib-list=m32,m64,mx32 --enable-multilib --with-tune=generic --enable-checking=release --build=x86_64-linux-gnu --host=x86_64-linux-gnu --target=x86_64-linux-gnu]
  ignore line: [Thread model: posix]
  ignore line: [gcc version 5.4.0 20160609 (Ubuntu 5.4.0-6ubuntu1~16.04.11) ]
  ignore line: [COMPILER_PATH=/usr/lib/gcc/x86_64-linux-gnu/5/:/usr/lib/gcc/x86_64-linux-gnu/5/:/usr/lib/gcc/x86_64-linux-gnu/:/usr/lib/gcc/x86_64-linux-gnu/5/:/usr/lib/gcc/x86_64-linux-gnu/]
  ignore line: [LIBRARY_PATH=/usr/lib/gcc/x86_64-linux-gnu/5/:/usr/lib/gcc/x86_64-linux-gnu/5/../../../x86_64-linux-gnu/:/usr/lib/gcc/x86_64-linux-gnu/5/../../../../lib/:/lib/x86_64-linux-gnu/:/lib/../lib/:/usr/lib/x86_64-linux-gnu/:/usr/lib/../lib/:/usr/lib/gcc/x86_64-linux-gnu/5/../../../:/lib/:/usr/lib/]
  ignore line: [COLLECT_GCC_OPTIONS='-v' '-o' 'cmTC_1ed0d' '-rdynamic' '-shared-libgcc' '-mtune=generic' '-march=x86-64']
  link line: [ /usr/lib/gcc/x86_64-linux-gnu/5/collect2 -plugin /usr/lib/gcc/x86_64-linux-gnu/5/liblto_plugin.so -plugin-opt=/usr/lib/gcc/x86_64-linux-gnu/5/lto-wrapper -plugin-opt=-fresolution=/tmp/ccJ4Ccj7.res -plugin-opt=-pass-through=-lgcc_s -plugin-opt=-pass-through=-lgcc -plugin-opt=-pass-through=-lc -plugin-opt=-pass-through=-lgcc_s -plugin-opt=-pass-through=-lgcc --sysroot=/ --build-id --eh-frame-hdr -m elf_x86_64 --hash-style=gnu --as-needed -export-dynamic -dynamic-linker /lib64/ld-linux-x86-64.so.2 -z relro -o cmTC_1ed0d /usr/lib/gcc/x86_64-linux-gnu/5/../../../x86_64-linux-gnu/crt1.o /usr/lib/gcc/x86_64-linux-gnu/5/../../../x86_64-linux-gnu/crti.o /usr/lib/gcc/x86_64-linux-gnu/5/crtbegin.o -L/usr/lib/gcc/x86_64-linux-gnu/5 -L/usr/lib/gcc/x86_64-linux-gnu/5/../../../x86_64-linux-gnu -L/usr/lib/gcc/x86_64-linux-gnu/5/../../../../lib -L/lib/x86_64-linux-gnu -L/lib/../lib -L/usr/lib/x86_64-linux-gnu -L/usr/lib/../lib -L/usr/lib/gcc/x86_64-linux-gnu/5/../../.. CMakeFiles/cmTC_1ed0d.dir/CMakeCXXCompilerABI.cpp.o -lstdc++ -lm -lgcc_s -lgcc -lc -lgcc_s -lgcc /usr/lib/gcc/x86_64-linux-gnu/5/crtend.o /usr/lib/gcc/x86_64-linux-gnu/5/../../../x86_64-linux-gnu/crtn.o]
    arg [/usr/lib/gcc/x86_64-linux-gnu/5/collect2] ==> ignore
    arg [-plugin] ==> ignore
    arg [/usr/lib/gcc/x86_64-linux-gnu/5/liblto_plugin.so] ==> ignore
    arg [-plugin-opt=/usr/lib/gcc/x86_64-linux-gnu/5/lto-wrapper] ==> ignore
    arg [-plugin-opt=-fresolution=/tmp/ccJ4Ccj7.res] ==> ignore
    arg [-plugin-opt=-pass-through=-lgcc_s] ==> ignore
    arg [-plugin-opt=-pass-through=-lgcc] ==> ignore
    arg [-plugin-opt=-pass-through=-lc] ==> ignore
    arg [-plugin-opt=-pass-through=-lgcc_s] ==> ignore
    arg [-plugin-opt=-pass-through=-lgcc] ==> ignore
    arg [--sysroot=/] ==> ignore
    arg [--build-id] ==> ignore
    arg [--eh-frame-hdr] ==> ignore
    arg [-m] ==> ignore
    arg [elf_x86_64] ==> ignore
    arg [--hash-style=gnu] ==> ignore
    arg [--as-needed] ==> ignore
    arg [-export-dynamic] ==> ignore
    arg [-dynamic-linker] ==> ignore
    arg [/lib64/ld-linux-x86-64.so.2] ==> ignore
    arg [-zrelro] ==> ignore
    arg [-o] ==> ignore
    arg [cmTC_1ed0d] ==> ignore
    arg [/usr/lib/gcc/x86_64-linux-gnu/5/../../../x86_64-linux-gnu/crt1.o] ==> ignore
    arg [/usr/lib/gcc/x86_64-linux-gnu/5/../../../x86_64-linux-gnu/crti.o] ==> ignore
    arg [/usr/lib/gcc/x86_64-linux-gnu/5/crtbegin.o] ==> ignore
    arg [-L/usr/lib/gcc/x86_64-linux-gnu/5] ==> dir [/usr/lib/gcc/x86_64-linux-gnu/5]
    arg [-L/usr/lib/gcc/x86_64-linux-gnu/5/../../../x86_64-linux-gnu] ==> dir [/usr/lib/gcc/x86_64-linux-gnu/5/../../../x86_64-linux-gnu]
    arg [-L/usr/lib/gcc/x86_64-linux-gnu/5/../../../../lib] ==> dir [/usr/lib/gcc/x86_64-linux-gnu/5/../../../../lib]
    arg [-L/lib/x86_64-linux-gnu] ==> dir [/lib/x86_64-linux-gnu]
    arg [-L/lib/../lib] ==> dir [/lib/../lib]
    arg [-L/usr/lib/x86_64-linux-gnu] ==> dir [/usr/lib/x86_64-linux-gnu]
    arg [-L/usr/lib/../lib] ==> dir [/usr/lib/../lib]
    arg [-L/usr/lib/gcc/x86_64-linux-gnu/5/../../..] ==> dir [/usr/lib/gcc/x86_64-linux-gnu/5/../../..]
    arg [CMakeFiles/cmTC_1ed0d.dir/CMakeCXXCompilerABI.cpp.o] ==> ignore
    arg [-lstdc++] ==> lib [stdc++]
    arg [-lm] ==> lib [m]
    arg [-lgcc_s] ==> lib [gcc_s]
    arg [-lgcc] ==> lib [gcc]
    arg [-lc] ==> lib [c]
    arg [-lgcc_s] ==> lib [gcc_s]
    arg [-lgcc] ==> lib [gcc]
    arg [/usr/lib/gcc/x86_64-linux-gnu/5/crtend.o] ==> ignore
    arg [/usr/lib/gcc/x86_64-linux-gnu/5/../../../x86_64-linux-gnu/crtn.o] ==> ignore
  remove lib [gcc_s]
  remove lib [gcc]
  remove lib [gcc_s]
  remove lib [gcc]
  collapse library dir [/usr/lib/gcc/x86_64-linux-gnu/5] ==> [/usr/lib/gcc/x86_64-linux-gnu/5]
  collapse library dir [/usr/lib/gcc/x86_64-linux-gnu/5/../../../x86_64-linux-gnu] ==> [/usr/lib/x86_64-linux-gnu]
  collapse library dir [/usr/lib/gcc/x86_64-linux-gnu/5/../../../../lib] ==> [/usr/lib]
  collapse library dir [/lib/x86_64-linux-gnu] ==> [/lib/x86_64-linux-gnu]
  collapse library dir [/lib/../lib] ==> [/lib]
  collapse library dir [/usr/lib/x86_64-linux-gnu] ==> [/usr/lib/x86_64-linux-gnu]
  collapse library dir [/usr/lib/../lib] ==> [/usr/lib]
  collapse library dir [/usr/lib/gcc/x86_64-linux-gnu/5/../../..] ==> [/usr/lib]
  implicit libs: [stdc++;m;c]
  implicit dirs: [/usr/lib/gcc/x86_64-linux-gnu/5;/usr/lib/x86_64-linux-gnu;/usr/lib;/lib/x86_64-linux-gnu;/lib]
  implicit fwks: []




Detecting CXX [-std=c++14] compiler features compiled with the following output:
Change Dir: /data1/Mohd_All/LearnableCoding/FFMPEGLC/x265/build/linux/CMakeFiles/CMakeTmp

Run Build Command:"/usr/bin/make" "cmTC_40aaa/fast"
/usr/bin/make -f CMakeFiles/cmTC_40aaa.dir/build.make CMakeFiles/cmTC_40aaa.dir/build
make[1]: Entering directory '/data1/Mohd_All/LearnableCoding/FFMPEGLC/x265/build/linux/CMakeFiles/CMakeTmp'
Building CXX object CMakeFiles/cmTC_40aaa.dir/feature_tests.cxx.o
/usr/bin/c++     -std=c++14 -o CMakeFiles/cmTC_40aaa.dir/feature_tests.cxx.o -c /data1/Mohd_All/LearnableCoding/FFMPEGLC/x265/build/linux/CMakeFiles/feature_tests.cxx
Linking CXX executable cmTC_40aaa
/usr/bin/cmake -E cmake_link_script CMakeFiles/cmTC_40aaa.dir/link.txt --verbose=1
/usr/bin/c++        CMakeFiles/cmTC_40aaa.dir/feature_tests.cxx.o  -o cmTC_40aaa -rdynamic 
make[1]: Leaving directory '/data1/Mohd_All/LearnableCoding/FFMPEGLC/x265/build/linux/CMakeFiles/CMakeTmp'


    Feature record: CXX_FEATURE:1cxx_aggregate_default_initializers
    Feature record: CXX_FEATURE:1cxx_alias_templates
    Feature record: CXX_FEATURE:1cxx_alignas
    Feature record: CXX_FEATURE:1cxx_alignof
    Feature record: CXX_FEATURE:1cxx_attributes
    Feature record: CXX_FEATURE:1cxx_attribute_deprecated
    Feature record: CXX_FEATURE:1cxx_auto_type
    Feature record: CXX_FEATURE:1cxx_binary_literals
    Feature record: CXX_FEATURE:1cxx_constexpr
    Feature record: CXX_FEATURE:1cxx_contextual_conversions
    Feature record: CXX_FEATURE:1cxx_decltype
    Feature record: CXX_FEATURE:1cxx_decltype_auto
    Feature record: CXX_FEATURE:1cxx_decltype_incomplete_return_types
    Feature record: CXX_FEATURE:1cxx_default_function_template_args
    Feature record: CXX_FEATURE:1cxx_defaulted_functions
    Feature record: CXX_FEATURE:1cxx_defaulted_move_initializers
    Feature record: CXX_FEATURE:1cxx_delegating_constructors
    Feature record: CXX_FEATURE:1cxx_deleted_functions
    Feature record: CXX_FEATURE:1cxx_digit_separators
    Feature record: CXX_FEATURE:1cxx_enum_forward_declarations
    Feature record: CXX_FEATURE:1cxx_explicit_conversions
    Feature record: CXX_FEATURE:1cxx_extended_friend_declarations
    Feature record: CXX_FEATURE:1cxx_extern_templates
    Feature record: CXX_FEATURE:1cxx_final
    Feature record: CXX_FEATURE:1cxx_func_identifier
    Feature record: CXX_FEATURE:1cxx_generalized_initializers
    Feature record: CXX_FEATURE:1cxx_generic_lambdas
    Feature record: CXX_FEATURE:1cxx_inheriting_constructors
    Feature record: CXX_FEATURE:1cxx_inline_namespaces
    Feature record: CXX_FEATURE:1cxx_lambdas
    Feature record: CXX_FEATURE:1cxx_lambda_init_captures
    Feature record: CXX_FEATURE:1cxx_local_type_template_args
    Feature record: CXX_FEATURE:1cxx_long_long_type
    Feature record: CXX_FEATURE:1cxx_noexcept
    Feature record: CXX_FEATURE:1cxx_nonstatic_member_init
    Feature record: CXX_FEATURE:1cxx_nullptr
    Feature record: CXX_FEATURE:1cxx_override
    Feature record: CXX_FEATURE:1cxx_range_for
    Feature record: CXX_FEATURE:1cxx_raw_string_literals
    Feature record: CXX_FEATURE:1cxx_reference_qualified_functions
    Feature record: CXX_FEATURE:1cxx_relaxed_constexpr
    Feature record: CXX_FEATURE:1cxx_return_type_deduction
    Feature record: CXX_FEATURE:1cxx_right_angle_brackets
    Feature record: CXX_FEATURE:1cxx_rvalue_references
    Feature record: CXX_FEATURE:1cxx_sizeof_member
    Feature record: CXX_FEATURE:1cxx_static_assert
    Feature record: CXX_FEATURE:1cxx_strong_enums
    Feature record: CXX_FEATURE:1cxx_template_template_parameters
    Feature record: CXX_FEATURE:1cxx_thread_local
    Feature record: CXX_FEATURE:1cxx_trailing_return_types
    Feature record: CXX_FEATURE:1cxx_unicode_literals
    Feature record: CXX_FEATURE:1cxx_uniform_initialization
    Feature record: CXX_FEATURE:1cxx_unrestricted_unions
    Feature record: CXX_FEATURE:1cxx_user_literals
    Feature record: CXX_FEATURE:1cxx_variable_templates
    Feature record: CXX_FEATURE:1cxx_variadic_macros
    Feature record: CXX_FEATURE:1cxx_variadic_templates


Detecting CXX [-std=c++11] compiler features compiled with the following output:
Change Dir: /data1/Mohd_All/LearnableCoding/FFMPEGLC/x265/build/linux/CMakeFiles/CMakeTmp

Run Build Command:"/usr/bin/make" "cmTC_42a18/fast"
/usr/bin/make -f CMakeFiles/cmTC_42a18.dir/build.make CMakeFiles/cmTC_42a18.dir/build
make[1]: Entering directory '/data1/Mohd_All/LearnableCoding/FFMPEGLC/x265/build/linux/CMakeFiles/CMakeTmp'
Building CXX object CMakeFiles/cmTC_42a18.dir/feature_tests.cxx.o
/usr/bin/c++     -std=c++11 -o CMakeFiles/cmTC_42a18.dir/feature_tests.cxx.o -c /data1/Mohd_All/LearnableCoding/FFMPEGLC/x265/build/linux/CMakeFiles/feature_tests.cxx
Linking CXX executable cmTC_42a18
/usr/bin/cmake -E cmake_link_script CMakeFiles/cmTC_42a18.dir/link.txt --verbose=1
/usr/bin/c++        CMakeFiles/cmTC_42a18.dir/feature_tests.cxx.o  -o cmTC_42a18 -rdynamic 
make[1]: Leaving directory '/data1/Mohd_All/LearnableCoding/FFMPEGLC/x265/build/linux/CMakeFiles/CMakeTmp'


    Feature record: CXX_FEATURE:0cxx_aggregate_default_initializers
    Feature record: CXX_FEATURE:1cxx_alias_templates
    Feature record: CXX_FEATURE:1cxx_alignas
    Feature record: CXX_FEATURE:1cxx_alignof
    Feature record: CXX_FEATURE:1cxx_attributes
    Feature record: CXX_FEATURE:0cxx_attribute_deprecated
    Feature record: CXX_FEATURE:1cxx_auto_type
    Feature record: CXX_FEATURE:0cxx_binary_literals
    Feature record: CXX_FEATURE:1cxx_constexpr
    Feature record: CXX_FEATURE:0cxx_contextual_conversions
    Feature record: CXX_FEATURE:1cxx_decltype
    Feature record: CXX_FEATURE:0cxx_decltype_auto
    Feature record: CXX_FEATURE:1cxx_decltype_incomplete_return_types
    Feature record: CXX_FEATURE:1cxx_default_function_template_args
    Feature record: CXX_FEATURE:1cxx_defaulted_functions
    Feature record: CXX_FEATURE:1cxx_defaulted_move_initializers
    Feature record: CXX_FEATURE:1cxx_delegating_constructors
    Feature record: CXX_FEATURE:1cxx_deleted_functions
    Feature record: CXX_FEATURE:0cxx_digit_separators
    Feature record: CXX_FEATURE:1cxx_enum_forward_declarations
    Feature record: CXX_FEATURE:1cxx_explicit_conversions
    Feature record: CXX_FEATURE:1cxx_extended_friend_declarations
    Feature record: CXX_FEATURE:1cxx_extern_templates
    Feature record: CXX_FEATURE:1cxx_final
    Feature record: CXX_FEATURE:1cxx_func_identifier
    Feature record: CXX_FEATURE:1cxx_generalized_initializers
    Feature record: CXX_FEATURE:0cxx_generic_lambdas
    Feature record: CXX_FEATURE:1cxx_inheriting_constructors
    Feature record: CXX_FEATURE:1cxx_inline_namespaces
    Feature record: CXX_FEATURE:1cxx_lambdas
    Feature record: CXX_FEATURE:0cxx_lambda_init_captures
    Feature record: CXX_FEATURE:1cxx_local_type_template_args
    Feature record: CXX_FEATURE:1cxx_long_long_type
    Feature record: CXX_FEATURE:1cxx_noexcept
    Feature record: CXX_FEATURE:1cxx_nonstatic_member_init
    Feature record: CXX_FEATURE:1cxx_nullptr
    Feature record: CXX_FEATURE:1cxx_override
    Feature record: CXX_FEATURE:1cxx_range_for
    Feature record: CXX_FEATURE:1cxx_raw_string_literals
    Feature record: CXX_FEATURE:1cxx_reference_qualified_functions
    Feature record: CXX_FEATURE:0cxx_relaxed_constexpr
    Feature record: CXX_FEATURE:0cxx_return_type_deduction
    Feature record: CXX_FEATURE:1cxx_right_angle_brackets
    Feature record: CXX_FEATURE:1cxx_rvalue_references
    Feature record: CXX_FEATURE:1cxx_sizeof_member
    Feature record: CXX_FEATURE:1cxx_static_assert
    Feature record: CXX_FEATURE:1cxx_strong_enums
    Feature record: CXX_FEATURE:1cxx_template_template_parameters
    Feature record: CXX_FEATURE:1cxx_thread_local
    Feature record: CXX_FEATURE:1cxx_trailing_return_types
    Feature record: CXX_FEATURE:1cxx_unicode_literals
    Feature record: CXX_FEATURE:1cxx_uniform_initialization
    Feature record: CXX_FEATURE:1cxx_unrestricted_unions
    Feature record: CXX_FEATURE:1cxx_user_literals
    Feature record: CXX_FEATURE:0cxx_variable_templates
    Feature record: CXX_FEATURE:1cxx_variadic_macros
    Feature record: CXX_FEATURE:1cxx_variadic_templates


Detecting CXX [-std=c++98] compiler features compiled with the following output:
Change Dir: /data1/Mohd_All/LearnableCoding/FFMPEGLC/x265/build/linux/CMakeFiles/CMakeTmp

Run Build Command:"/usr/bin/make" "cmTC_9364f/fast"
/usr/bin/make -f CMakeFiles/cmTC_9364f.dir/build.make CMakeFiles/cmTC_9364f.dir/build
make[1]: Entering directory '/data1/Mohd_All/LearnableCoding/FFMPEGLC/x265/build/linux/CMakeFiles/CMakeTmp'
Building CXX object CMakeFiles/cmTC_9364f.dir/feature_tests.cxx.o
/usr/bin/c++     -std=c++98 -o CMakeFiles/cmTC_9364f.dir/feature_tests.cxx.o -c /data1/Mohd_All/LearnableCoding/FFMPEGLC/x265/build/linux/CMakeFiles/feature_tests.cxx
Linking CXX executable cmTC_9364f
/usr/bin/cmake -E cmake_link_script CMakeFiles/cmTC_9364f.dir/link.txt --verbose=1
/usr/bin/c++        CMakeFiles/cmTC_9364f.dir/feature_tests.cxx.o  -o cmTC_9364f -rdynamic 
make[1]: Leaving directory '/data1/Mohd_All/LearnableCoding/FFMPEGLC/x265/build/linux/CMakeFiles/CMakeTmp'


    Feature record: CXX_FEATURE:0cxx_aggregate_default_initializers
    Feature record: CXX_FEATURE:0cxx_alias_templates
    Feature record: CXX_FEATURE:0cxx_alignas
    Feature record: CXX_FEATURE:0cxx_alignof
    Feature record: CXX_FEATURE:0cxx_attributes
    Feature record: CXX_FEATURE:0cxx_attribute_deprecated
    Feature record: CXX_FEATURE:0cxx_auto_type
    Feature record: CXX_FEATURE:0cxx_binary_literals
    Feature record: CXX_FEATURE:0cxx_constexpr
    Feature record: CXX_FEATURE:0cxx_contextual_conversions
    Feature record: CXX_FEATURE:0cxx_decltype
    Feature record: CXX_FEATURE:0cxx_decltype_auto
    Feature record: CXX_FEATURE:0cxx_decltype_incomplete_return_types
    Feature record: CXX_FEATURE:0cxx_default_function_template_args
    Feature record: CXX_FEATURE:0cxx_defaulted_functions
    Feature record: CXX_FEATURE:0cxx_defaulted_move_initializers
    Feature record: CXX_FEATURE:0cxx_delegating_constructors
    Feature record: CXX_FEATURE:0cxx_deleted_functions
    Feature record: CXX_FEATURE:0cxx_digit_separators
    Feature record: CXX_FEATURE:0cxx_enum_forward_declarations
    Feature record: CXX_FEATURE:0cxx_explicit_conversions
    Feature record: CXX_FEATURE:0cxx_extended_friend_declarations
    Feature record: CXX_FEATURE:0cxx_extern_templates
    Feature record: CXX_FEATURE:0cxx_final
    Feature record: CXX_FEATURE:0cxx_func_identifier
    Feature record: CXX_FEATURE:0cxx_generalized_initializers
    Feature record: CXX_FEATURE:0cxx_generic_lambdas
    Feature record: CXX_FEATURE:0cxx_inheriting_constructors
    Feature record: CXX_FEATURE:0cxx_inline_namespaces
    Feature record: CXX_FEATURE:0cxx_lambdas
    Feature record: CXX_FEATURE:0cxx_lambda_init_captures
    Feature record: CXX_FEATURE:0cxx_local_type_template_args
    Feature record: CXX_FEATURE:0cxx_long_long_type
    Feature record: CXX_FEATURE:0cxx_noexcept
    Feature record: CXX_FEATURE:0cxx_nonstatic_member_init
    Feature record: CXX_FEATURE:0cxx_nullptr
    Feature record: CXX_FEATURE:0cxx_override
    Feature record: CXX_FEATURE:0cxx_range_for
    Feature record: CXX_FEATURE:0cxx_raw_string_literals
    Feature record: CXX_FEATURE:0cxx_reference_qualified_functions
    Feature record: CXX_FEATURE:0cxx_relaxed_constexpr
    Feature record: CXX_FEATURE:0cxx_return_type_deduction
    Feature record: CXX_FEATURE:0cxx_right_angle_brackets
    Feature record: CXX_FEATURE:0cxx_rvalue_references
    Feature record: CXX_FEATURE:0cxx_sizeof_member
    Feature record: CXX_FEATURE:0cxx_static_assert
    Feature record: CXX_FEATURE:0cxx_strong_enums
    Feature record: CXX_FEATURE:1cxx_template_template_parameters
    Feature record: CXX_FEATURE:0cxx_thread_local
    Feature record: CXX_FEATURE:0cxx_trailing_return_types
    Feature record: CXX_FEATURE:0cxx_unicode_literals
    Feature record: CXX_FEATURE:0cxx_uniform_initialization
    Feature record: CXX_FEATURE:0cxx_unrestricted_unions
    Feature record: CXX_FEATURE:0cxx_user_literals
    Feature record: CXX_FEATURE:0cxx_variable_templates
    Feature record: CXX_FEATURE:0cxx_variadic_macros
    Feature record: CXX_FEATURE:0cxx_variadic_templates
Determining if the numa_node_of_cpu exist passed with the following output:
Change Dir: /data1/Mohd_All/LearnableCoding/FFMPEGLC/x265/build/linux/CMakeFiles/CMakeTmp

Run Build Command:"/usr/bin/make" "cmTC_df633/fast"
/usr/bin/make -f CMakeFiles/cmTC_df633.dir/build.make CMakeFiles/cmTC_df633.dir/build
make[1]: Entering directory '/data1/Mohd_All/LearnableCoding/FFMPEGLC/x265/build/linux/CMakeFiles/CMakeTmp'
Building C object CMakeFiles/cmTC_df633.dir/CheckSymbolExists.c.o
/usr/bin/cc     -o CMakeFiles/cmTC_df633.dir/CheckSymbolExists.c.o   -c /data1/Mohd_All/LearnableCoding/FFMPEGLC/x265/build/linux/CMakeFiles/CMakeTmp/CheckSymbolExists.c
Linking C executable cmTC_df633
/usr/bin/cmake -E cmake_link_script CMakeFiles/cmTC_df633.dir/link.txt --verbose=1
/usr/bin/cc       CMakeFiles/cmTC_df633.dir/CheckSymbolExists.c.o  -o cmTC_df633 -rdynamic -lnuma 
make[1]: Leaving directory '/data1/Mohd_All/LearnableCoding/FFMPEGLC/x265/build/linux/CMakeFiles/CMakeTmp'

File /data1/Mohd_All/LearnableCoding/FFMPEGLC/x265/build/linux/CMakeFiles/CMakeTmp/CheckSymbolExists.c:
/* */
#include <numa.h>

int main(int argc, char** argv)
{
  (void)argv;
#ifndef numa_node_of_cpu
  return ((int*)(&numa_node_of_cpu))[argc];
#else
  (void)argc;
  return 0;
#endif
}

Determining if files inttypes.h exist passed with the following output:
Change Dir: /data1/Mohd_All/LearnableCoding/FFMPEGLC/x265/build/linux/CMakeFiles/CMakeTmp

Run Build Command:"/usr/bin/make" "cmTC_7b445/fast"
/usr/bin/make -f CMakeFiles/cmTC_7b445.dir/build.make CMakeFiles/cmTC_7b445.dir/build
make[1]: Entering directory '/data1/Mohd_All/LearnableCoding/FFMPEGLC/x265/build/linux/CMakeFiles/CMakeTmp'
Building C object CMakeFiles/cmTC_7b445.dir/CheckIncludeFiles.c.o
/usr/bin/cc     -o CMakeFiles/cmTC_7b445.dir/CheckIncludeFiles.c.o   -c /data1/Mohd_All/LearnableCoding/FFMPEGLC/x265/build/linux/CMakeFiles/CMakeTmp/CheckIncludeFiles.c
Linking C executable cmTC_7b445
/usr/bin/cmake -E cmake_link_script CMakeFiles/cmTC_7b445.dir/link.txt --verbose=1
/usr/bin/cc       CMakeFiles/cmTC_7b445.dir/CheckIncludeFiles.c.o  -o cmTC_7b445 -rdynamic 
make[1]: Leaving directory '/data1/Mohd_All/LearnableCoding/FFMPEGLC/x265/build/linux/CMakeFiles/CMakeTmp'


Performing C++ SOURCE FILE Test CC_HAS_NO_STRICT_OVERFLOW succeeded with the following output:
Change Dir: /data1/Mohd_All/LearnableCoding/FFMPEGLC/x265/build/linux/CMakeFiles/CMakeTmp

Run Build Command:"/usr/bin/make" "cmTC_48b87/fast"
/usr/bin/make -f CMakeFiles/cmTC_48b87.dir/build.make CMakeFiles/cmTC_48b87.dir/build
make[1]: Entering directory '/data1/Mohd_All/LearnableCoding/FFMPEGLC/x265/build/linux/CMakeFiles/CMakeTmp'
Building CXX object CMakeFiles/cmTC_48b87.dir/src.cxx.o
/usr/bin/c++     -DCC_HAS_NO_STRICT_OVERFLOW   -Wno-strict-overflow -o CMakeFiles/cmTC_48b87.dir/src.cxx.o -c /data1/Mohd_All/LearnableCoding/FFMPEGLC/x265/build/linux/CMakeFiles/CMakeTmp/src.cxx
Linking CXX executable cmTC_48b87
/usr/bin/cmake -E cmake_link_script CMakeFiles/cmTC_48b87.dir/link.txt --verbose=1
/usr/bin/c++    -DCC_HAS_NO_STRICT_OVERFLOW    CMakeFiles/cmTC_48b87.dir/src.cxx.o  -o cmTC_48b87 -rdynamic -lnuma 
make[1]: Leaving directory '/data1/Mohd_All/LearnableCoding/FFMPEGLC/x265/build/linux/CMakeFiles/CMakeTmp'

Source file was:
int main() { return 0; }
Performing C++ SOURCE FILE Test CC_HAS_NO_NARROWING succeeded with the following output:
Change Dir: /data1/Mohd_All/LearnableCoding/FFMPEGLC/x265/build/linux/CMakeFiles/CMakeTmp

Run Build Command:"/usr/bin/make" "cmTC_a623e/fast"
/usr/bin/make -f CMakeFiles/cmTC_a623e.dir/build.make CMakeFiles/cmTC_a623e.dir/build
make[1]: Entering directory '/data1/Mohd_All/LearnableCoding/FFMPEGLC/x265/build/linux/CMakeFiles/CMakeTmp'
Building CXX object CMakeFiles/cmTC_a623e.dir/src.cxx.o
/usr/bin/c++     -DCC_HAS_NO_NARROWING   -Wno-narrowing -o CMakeFiles/cmTC_a623e.dir/src.cxx.o -c /data1/Mohd_All/LearnableCoding/FFMPEGLC/x265/build/linux/CMakeFiles/CMakeTmp/src.cxx
Linking CXX executable cmTC_a623e
/usr/bin/cmake -E cmake_link_script CMakeFiles/cmTC_a623e.dir/link.txt --verbose=1
/usr/bin/c++    -DCC_HAS_NO_NARROWING    CMakeFiles/cmTC_a623e.dir/src.cxx.o  -o cmTC_a623e -rdynamic -lnuma 
make[1]: Leaving directory '/data1/Mohd_All/LearnableCoding/FFMPEGLC/x265/build/linux/CMakeFiles/CMakeTmp'

Source file was:
int main() { return 0; }
Performing C++ SOURCE FILE Test CC_HAS_NO_ARRAY_BOUNDS succeeded with the following output:
Change Dir: /data1/Mohd_All/LearnableCoding/FFMPEGLC/x265/build/linux/CMakeFiles/CMakeTmp

Run Build Command:"/usr/bin/make" "cmTC_55d23/fast"
/usr/bin/make -f CMakeFiles/cmTC_55d23.dir/build.make CMakeFiles/cmTC_55d23.dir/build
make[1]: Entering directory '/data1/Mohd_All/LearnableCoding/FFMPEGLC/x265/build/linux/CMakeFiles/CMakeTmp'
Building CXX object CMakeFiles/cmTC_55d23.dir/src.cxx.o
/usr/bin/c++     -DCC_HAS_NO_ARRAY_BOUNDS   -Wno-array-bounds -o CMakeFiles/cmTC_55d23.dir/src.cxx.o -c /data1/Mohd_All/LearnableCoding/FFMPEGLC/x265/build/linux/CMakeFiles/CMakeTmp/src.cxx
Linking CXX executable cmTC_55d23
/usr/bin/cmake -E cmake_link_script CMakeFiles/cmTC_55d23.dir/link.txt --verbose=1
/usr/bin/c++    -DCC_HAS_NO_ARRAY_BOUNDS    CMakeFiles/cmTC_55d23.dir/src.cxx.o  -o cmTC_55d23 -rdynamic -lnuma 
make[1]: Leaving directory '/data1/Mohd_All/LearnableCoding/FFMPEGLC/x265/build/linux/CMakeFiles/CMakeTmp'

Source file was:
int main() { return 0; }
Performing C++ SOURCE FILE Test CC_HAS_FAST_MATH succeeded with the following output:
Change Dir: /data1/Mohd_All/LearnableCoding/FFMPEGLC/x265/build/linux/CMakeFiles/CMakeTmp

Run Build Command:"/usr/bin/make" "cmTC_0c2e2/fast"
/usr/bin/make -f CMakeFiles/cmTC_0c2e2.dir/build.make CMakeFiles/cmTC_0c2e2.dir/build
make[1]: Entering directory '/data1/Mohd_All/LearnableCoding/FFMPEGLC/x265/build/linux/CMakeFiles/CMakeTmp'
Building CXX object CMakeFiles/cmTC_0c2e2.dir/src.cxx.o
/usr/bin/c++     -DCC_HAS_FAST_MATH   -ffast-math -o CMakeFiles/cmTC_0c2e2.dir/src.cxx.o -c /data1/Mohd_All/LearnableCoding/FFMPEGLC/x265/build/linux/CMakeFiles/CMakeTmp/src.cxx
Linking CXX executable cmTC_0c2e2
/usr/bin/cmake -E cmake_link_script CMakeFiles/cmTC_0c2e2.dir/link.txt --verbose=1
/usr/bin/c++    -DCC_HAS_FAST_MATH    CMakeFiles/cmTC_0c2e2.dir/src.cxx.o  -o cmTC_0c2e2 -rdynamic -lnuma 
make[1]: Leaving directory '/data1/Mohd_All/LearnableCoding/FFMPEGLC/x265/build/linux/CMakeFiles/CMakeTmp'

Source file was:
int main() { return 0; }
Performing C++ SOURCE FILE Test CC_HAS_STACK_REALIGN succeeded with the following output:
Change Dir: /data1/Mohd_All/LearnableCoding/FFMPEGLC/x265/build/linux/CMakeFiles/CMakeTmp

Run Build Command:"/usr/bin/make" "cmTC_15ab7/fast"
/usr/bin/make -f CMakeFiles/cmTC_15ab7.dir/build.make CMakeFiles/cmTC_15ab7.dir/build
make[1]: Entering directory '/data1/Mohd_All/LearnableCoding/FFMPEGLC/x265/build/linux/CMakeFiles/CMakeTmp'
Building CXX object CMakeFiles/cmTC_15ab7.dir/src.cxx.o
/usr/bin/c++     -DCC_HAS_STACK_REALIGN   -mstackrealign -o CMakeFiles/cmTC_15ab7.dir/src.cxx.o -c /data1/Mohd_All/LearnableCoding/FFMPEGLC/x265/build/linux/CMakeFiles/CMakeTmp/src.cxx
Linking CXX executable cmTC_15ab7
/usr/bin/cmake -E cmake_link_script CMakeFiles/cmTC_15ab7.dir/link.txt --verbose=1
/usr/bin/c++    -DCC_HAS_STACK_REALIGN    CMakeFiles/cmTC_15ab7.dir/src.cxx.o  -o cmTC_15ab7 -rdynamic -lnuma 
make[1]: Leaving directory '/data1/Mohd_All/LearnableCoding/FFMPEGLC/x265/build/linux/CMakeFiles/CMakeTmp'

Source file was:
int main() { return 0; }
Performing C++ SOURCE FILE Test CC_HAS_FNO_EXCEPTIONS_FLAG succeeded with the following output:
Change Dir: /data1/Mohd_All/LearnableCoding/FFMPEGLC/x265/build/linux/CMakeFiles/CMakeTmp

Run Build Command:"/usr/bin/make" "cmTC_97561/fast"
/usr/bin/make -f CMakeFiles/cmTC_97561.dir/build.make CMakeFiles/cmTC_97561.dir/build
make[1]: Entering directory '/data1/Mohd_All/LearnableCoding/FFMPEGLC/x265/build/linux/CMakeFiles/CMakeTmp'
Building CXX object CMakeFiles/cmTC_97561.dir/src.cxx.o
/usr/bin/c++     -DCC_HAS_FNO_EXCEPTIONS_FLAG   -fno-exceptions -o CMakeFiles/cmTC_97561.dir/src.cxx.o -c /data1/Mohd_All/LearnableCoding/FFMPEGLC/x265/build/linux/CMakeFiles/CMakeTmp/src.cxx
Linking CXX executable cmTC_97561
/usr/bin/cmake -E cmake_link_script CMakeFiles/cmTC_97561.dir/link.txt --verbose=1
/usr/bin/c++    -DCC_HAS_FNO_EXCEPTIONS_FLAG    CMakeFiles/cmTC_97561.dir/src.cxx.o  -o cmTC_97561 -rdynamic -lnuma 
make[1]: Leaving directory '/data1/Mohd_All/LearnableCoding/FFMPEGLC/x265/build/linux/CMakeFiles/CMakeTmp'

Source file was:
int main() { return 0; }
Determining if the strtok_r exist passed with the following output:
Change Dir: /data1/Mohd_All/LearnableCoding/FFMPEGLC/x265/build/linux/CMakeFiles/CMakeTmp

Run Build Command:"/usr/bin/make" "cmTC_80839/fast"
/usr/bin/make -f CMakeFiles/cmTC_80839.dir/build.make CMakeFiles/cmTC_80839.dir/build
make[1]: Entering directory '/data1/Mohd_All/LearnableCoding/FFMPEGLC/x265/build/linux/CMakeFiles/CMakeTmp'
Building C object CMakeFiles/cmTC_80839.dir/CheckSymbolExists.c.o
/usr/bin/cc     -o CMakeFiles/cmTC_80839.dir/CheckSymbolExists.c.o   -c /data1/Mohd_All/LearnableCoding/FFMPEGLC/x265/build/linux/CMakeFiles/CMakeTmp/CheckSymbolExists.c
Linking C executable cmTC_80839
/usr/bin/cmake -E cmake_link_script CMakeFiles/cmTC_80839.dir/link.txt --verbose=1
/usr/bin/cc       CMakeFiles/cmTC_80839.dir/CheckSymbolExists.c.o  -o cmTC_80839 -rdynamic -lnuma 
make[1]: Leaving directory '/data1/Mohd_All/LearnableCoding/FFMPEGLC/x265/build/linux/CMakeFiles/CMakeTmp'

File /data1/Mohd_All/LearnableCoding/FFMPEGLC/x265/build/linux/CMakeFiles/CMakeTmp/CheckSymbolExists.c:
/* */
#include <string.h>

int main(int argc, char** argv)
{
  (void)argv;
#ifndef strtok_r
  return ((int*)(&strtok_r))[argc];
#else
  (void)argc;
  return 0;
#endif
}

Determining if files getopt.h exist passed with the following output:
Change Dir: /data1/Mohd_All/LearnableCoding/FFMPEGLC/x265/build/linux/CMakeFiles/CMakeTmp

Run Build Command:"/usr/bin/make" "cmTC_b26d0/fast"
/usr/bin/make -f CMakeFiles/cmTC_b26d0.dir/build.make CMakeFiles/cmTC_b26d0.dir/build
make[1]: Entering directory '/data1/Mohd_All/LearnableCoding/FFMPEGLC/x265/build/linux/CMakeFiles/CMakeTmp'
Building C object CMakeFiles/cmTC_b26d0.dir/CheckIncludeFiles.c.o
/usr/bin/cc     -o CMakeFiles/cmTC_b26d0.dir/CheckIncludeFiles.c.o   -c /data1/Mohd_All/LearnableCoding/FFMPEGLC/x265/build/linux/CMakeFiles/CMakeTmp/CheckIncludeFiles.c
Linking C executable cmTC_b26d0
/usr/bin/cmake -E cmake_link_script CMakeFiles/cmTC_b26d0.dir/link.txt --verbose=1
/usr/bin/cc       CMakeFiles/cmTC_b26d0.dir/CheckIncludeFiles.c.o  -o cmTC_b26d0 -rdynamic 
make[1]: Leaving directory '/data1/Mohd_All/LearnableCoding/FFMPEGLC/x265/build/linux/CMakeFiles/CMakeTmp'


